빌드 시작: 2015-07-21 오후 8:23:17
     1>2 노드의 "C:\Project\15년1학기_창의과제\Camera_control\CameraControl\CameraControl\CameraControl.vcxproj" 프로젝트(Build 대상)입니다.
     1>ClCompile:
         C:\Program Files (x86)\Microsoft Visual Studio 12.0\VC\bin\CL.exe /c /I"C:\Project\15년1학기_창의과제\Camera_control\CameraControl\packages\OpenCV.2.4.10\build\native\../../build/native/include/" /I"E:\Project_git\15년_1_창과\Camera_control\CameraControl\CameraControl\libjpeg\include" /ZI /nologo /W3 /WX- /Od /Oy- /D HAS_OPENCV /D WIN32 /D _DEBUG /D _CONSOLE /D _LIB /D _UNICODE /D UNICODE /Gm /EHsc /RTC1 /MDd /GS /fp:precise /Zc:wchar_t /Zc:forScope /Fo"Debug\\" /Fd"Debug\vc120.pdb" /Gd /TP /analyze- /errorReport:prompt "최종_리팩토링.cpp"
         최종_리팩토링.cpp
     1>c:\project\15년1학기_창의과제\camera_control\cameracontrol\packages\opencv.2.4.10\build\native\include\opencv2\flann\dist.h : warning C4819: 현재 코드 페이지(949)에서 표시할 수 없는 문자가 파일에 들어 있습니다. 데이터가 손실되지 않게 하려면 해당 파일을 유니코드 형식으로 저장하십시오.
     1>c:\project\15년1학기_창의과제\camera_control\cameracontrol\packages\opencv.2.4.10\build\native\include\opencv2\flann\logger.h(66): warning C4996: 'fopen': This function or variable may be unsafe. Consider using fopen_s instead. To disable deprecation, use _CRT_SECURE_NO_WARNINGS. See online help for details.
                 c:\program files (x86)\microsoft visual studio 12.0\vc\include\stdio.h(211) : 'fopen' 선언을 참조하십시오.
     1>c:\project\15년1학기_창의과제\camera_control\cameracontrol\cameracontrol\최종_리팩토링.cpp(436): warning C4996: 'localtime': This function or variable may be unsafe. Consider using localtime_s instead. To disable deprecation, use _CRT_SECURE_NO_WARNINGS. See online help for details.
                 c:\program files (x86)\microsoft visual studio 12.0\vc\include\time.inl(112) : 'localtime' 선언을 참조하십시오.
       Link:
         C:\Program Files (x86)\Microsoft Visual Studio 12.0\VC\bin\link.exe /ERRORREPORT:PROMPT /OUT:"C:\Project\15년1학기_창의과제\Camera_control\CameraControl\Debug\CameraControl.exe" /INCREMENTAL /NOLOGO /LIBPATH:"E:\Project_git\15년_1_창과\Camera_control\CameraControl\CameraControl\libjpeg\include" /LIBPATH:/LIBPATH:dir "C:\Project\15년1학기_창의과제\Camera_control\CameraControl\packages\OpenCV.2.4.10\build\native\../../build/native/lib/Win32/v120/Debug/opencv_videostab2410d.lib" "C:\Project\15년1학기_창의과제\Camera_control\CameraControl\packages\OpenCV.2.4.10\build\native\../../build/native/lib/Win32/v120/Debug/opencv_video2410d.lib" "C:\Project\15년1학기_창의과제\Camera_control\CameraControl\packages\OpenCV.2.4.10\build\native\../../build/native/lib/Win32/v120/Debug/opencv_ts2410d.lib" "C:\Project\15년1학기_창의과제\Camera_control\CameraControl\packages\OpenCV.2.4.10\build\native\../../build/native/lib/Win32/v120/Debug/opencv_superres2410d.lib" "C:\Project\15년1학기_창의과제\Camera_control\CameraControl\packages\OpenCV.2.4.10\build\native\../../build/native/lib/Win32/v120/Debug/opencv_stitching2410d.lib" "C:\Project\15년1학기_창의과제\Camera_control\CameraControl\packages\OpenCV.2.4.10\build\native\../../build/native/lib/Win32/v120/Debug/opencv_photo2410d.lib" "C:\Project\15년1학기_창의과제\Camera_control\CameraControl\packages\OpenCV.2.4.10\build\native\../../build/native/lib/Win32/v120/Debug/opencv_ocl2410d.lib" "C:\Project\15년1학기_창의과제\Camera_control\CameraControl\packages\OpenCV.2.4.10\build\native\../../build/native/lib/Win32/v120/Debug/opencv_objdetect2410d.lib" "C:\Project\15년1학기_창의과제\Camera_control\CameraControl\packages\OpenCV.2.4.10\build\native\../../build/native/lib/Win32/v120/Debug/opencv_nonfree2410d.lib" "C:\Project\15년1학기_창의과제\Camera_control\CameraControl\packages\OpenCV.2.4.10\build\native\../../build/native/lib/Win32/v120/Debug/opencv_ml2410d.lib" "C:\Project\15년1학기_창의과제\Camera_control\CameraControl\packages\OpenCV.2.4.10\build\native\../../build/native/lib/Win32/v120/Debug/opencv_legacy2410d.lib" "C:\Project\15년1학기_창의과제\Camera_control\CameraControl\packages\OpenCV.2.4.10\build\native\../../build/native/lib/Win32/v120/Debug/opencv_imgproc2410d.lib" "C:\Project\15년1학기_창의과제\Camera_control\CameraControl\packages\OpenCV.2.4.10\build\native\../../build/native/lib/Win32/v120/Debug/opencv_highgui2410d.lib" "C:\Project\15년1학기_창의과제\Camera_control\CameraControl\packages\OpenCV.2.4.10\build\native\../../build/native/lib/Win32/v120/Debug/opencv_gpu2410d.lib" "C:\Project\15년1학기_창의과제\Camera_control\CameraControl\packages\OpenCV.2.4.10\build\native\../../build/native/lib/Win32/v120/Debug/opencv_flann2410d.lib" "C:\Project\15년1학기_창의과제\Camera_control\CameraControl\packages\OpenCV.2.4.10\build\native\../../build/native/lib/Win32/v120/Debug/opencv_features2d2410d.lib" "C:\Project\15년1학기_창의과제\Camera_control\CameraControl\packages\OpenCV.2.4.10\build\native\../../build/native/lib/Win32/v120/Debug/opencv_core2410d.lib" "C:\Project\15년1학기_창의과제\Camera_control\CameraControl\packages\OpenCV.2.4.10\build\native\../../build/native/lib/Win32/v120/Debug/opencv_contrib2410d.lib" "C:\Project\15년1학기_창의과제\Camera_control\CameraControl\packages\OpenCV.2.4.10\build\native\../../build/native/lib/Win32/v120/Debug/opencv_calib3d2410d.lib" Library/EDSDK.lib kernel32.lib user32.lib gdi32.lib winspool.lib comdlg32.lib advapi32.lib shell32.lib ole32.lib oleaut32.lib uuid.lib odbc32.lib odbccp32.lib /MANIFEST /MANIFESTUAC:"level='asInvoker' uiAccess='false'" /manifest:embed /DEBUG /PDB:"C:\Project\15년1학기_창의과제\Camera_control\CameraControl\Debug\CameraControl.pdb" /SUBSYSTEM:CONSOLE /TLBID:1 /DYNAMICBASE /NXCOMPAT /IMPLIB:"C:\Project\15년1학기_창의과제\Camera_control\CameraControl\Debug\CameraControl.lib" /MACHINE:X86 Debug\CameraMain.obj
         Debug\liveView.obj
         Debug\shoot_down.obj
         Debug\shootWithLiveView.obj
         "Debug\최종_리팩토링.obj"
         CameraControl.vcxproj -> C:\Project\15년1학기_창의과제\Camera_control\CameraControl\Debug\CameraControl.exe
     1>"C:\Project\15년1학기_창의과제\Camera_control\CameraControl\CameraControl\CameraControl.vcxproj" 프로젝트를 빌드했습니다(Build 대상).

빌드했습니다.

경과 시간: 00:00:02.03
